{"/Users/joaopedro/projetos/ext/api-core/src/adapters/axiosAdapter.ts": {"path":"/Users/joaopedro/projetos/ext/api-core/src/adapters/axiosAdapter.ts","statementMap":{"0":{"start":{"line":2,"column":0},"end":{"line":2,"column":25}},"1":{"start":{"line":4,"column":0},"end":{"line":4,"column":13}},"2":{"start":{"line":6,"column":8},"end":{"line":8,"column":null}},"3":{"start":{"line":7,"column":4},"end":{"line":7,"column":null}},"4":{"start":{"line":10,"column":8},"end":{"line":13,"column":null}},"5":{"start":{"line":12,"column":4},"end":{"line":12,"column":null}},"6":{"start":{"line":14,"column":0},"end":{"line":14,"column":null}},"7":{"start":{"line":4,"column":13},"end":{"line":4,"column":25}}},"fnMap":{"0":{"name":"(anonymous_14)","decl":{"start":{"line":4,"column":0},"end":{"line":4,"column":13}},"loc":{"start":{"line":4,"column":0},"end":{"line":14,"column":null}}},"1":{"name":"(anonymous_16)","decl":{"start":{"line":6,"column":2},"end":{"line":6,"column":8}},"loc":{"start":{"line":6,"column":22},"end":{"line":8,"column":null}}},"2":{"name":"(anonymous_19)","decl":{"start":{"line":10,"column":2},"end":{"line":10,"column":8}},"loc":{"start":{"line":10,"column":33},"end":{"line":13,"column":null}}}},"branchMap":{},"s":{"0":2,"1":2,"2":2,"3":0,"4":2,"5":0,"6":2,"7":2},"f":{"0":2,"1":0,"2":0},"b":{}}
,"/Users/joaopedro/projetos/ext/api-core/src/adapters/index.ts": {"path":"/Users/joaopedro/projetos/ext/api-core/src/adapters/index.ts","statementMap":{"0":{"start":{"line":1,"column":0},"end":{"line":1,"column":9}},"1":{"start":{"line":4,"column":2},"end":{"line":1,"column":46}}},"fnMap":{},"branchMap":{},"s":{"0":2,"1":2},"f":{},"b":{}}
,"/Users/joaopedro/projetos/ext/api-core/src/controllers/CallCrawlerController.ts": {"path":"/Users/joaopedro/projetos/ext/api-core/src/controllers/CallCrawlerController.ts","statementMap":{"0":{"start":{"line":2,"column":0},"end":{"line":2,"column":47}},"1":{"start":{"line":12,"column":0},"end":{"line":12,"column":14}},"2":{"start":{"line":13,"column":8},"end":{"line":26,"column":null}},"3":{"start":{"line":14,"column":10},"end":{"line":14,"column":26}},"4":{"start":{"line":17,"column":12},"end":{"line":17,"column":58}},"5":{"start":{"line":19,"column":26},"end":{"line":19,"column":null}},"6":{"start":{"line":19,"column":12},"end":{"line":19,"column":null}},"7":{"start":{"line":21,"column":6},"end":{"line":21,"column":40}},"8":{"start":{"line":24,"column":6},"end":{"line":24,"column":57}},"9":{"start":{"line":27,"column":0},"end":{"line":27,"column":null}},"10":{"start":{"line":12,"column":14},"end":{"line":12,"column":26}}},"fnMap":{"0":{"name":"(anonymous_13)","decl":{"start":{"line":12,"column":0},"end":{"line":12,"column":14}},"loc":{"start":{"line":12,"column":0},"end":{"line":27,"column":null}}},"1":{"name":"(anonymous_15)","decl":{"start":{"line":13,"column":2},"end":{"line":13,"column":8}},"loc":{"start":{"line":13,"column":49},"end":{"line":26,"column":null}}}},"branchMap":{},"s":{"0":1,"1":1,"2":1,"3":2,"4":2,"5":2,"6":2,"7":2,"8":0,"9":1,"10":1},"f":{"0":3,"1":2},"b":{}}
,"/Users/joaopedro/projetos/ext/api-core/src/controllers/index.ts": {"path":"/Users/joaopedro/projetos/ext/api-core/src/controllers/index.ts","statementMap":{"0":{"start":{"line":1,"column":0},"end":{"line":1,"column":8}},"1":{"start":{"line":4,"column":2},"end":{"line":1,"column":52}}},"fnMap":{},"branchMap":{},"s":{"0":1,"1":1},"f":{},"b":{}}
,"/Users/joaopedro/projetos/ext/api-core/src/services/getDataFromCrawlerService.ts": {"path":"/Users/joaopedro/projetos/ext/api-core/src/services/getDataFromCrawlerService.ts","statementMap":{"0":{"start":{"line":1,"column":0},"end":{"line":1,"column":40}},"1":{"start":{"line":11,"column":0},"end":{"line":11,"column":13}},"2":{"start":{"line":14,"column":15},"end":{"line":22,"column":null}},"3":{"start":{"line":14,"column":25},"end":{"line":14,"column":29}},"4":{"start":{"line":14,"column":30},"end":{"line":14,"column":33}},"5":{"start":{"line":16,"column":12},"end":{"line":16,"column":46}},"6":{"start":{"line":17,"column":23},"end":{"line":17,"column":null}},"7":{"start":{"line":17,"column":12},"end":{"line":17,"column":null}},"8":{"start":{"line":18,"column":6},"end":{"line":18,"column":null}},"9":{"start":{"line":20,"column":6},"end":{"line":20,"column":61}},"10":{"start":{"line":23,"column":0},"end":{"line":23,"column":null}},"11":{"start":{"line":11,"column":13},"end":{"line":11,"column":31}}},"fnMap":{"0":{"name":"(anonymous_13)","decl":{"start":{"line":11,"column":0},"end":{"line":11,"column":13}},"loc":{"start":{"line":11,"column":0},"end":{"line":23,"column":null}}},"1":{"name":"(anonymous_15)","decl":{"start":{"line":14,"column":2},"end":{"line":14,"column":15}},"loc":{"start":{"line":14,"column":44},"end":{"line":22,"column":null}}}},"branchMap":{},"s":{"0":2,"1":2,"2":2,"3":2,"4":2,"5":2,"6":2,"7":1,"8":1,"9":1,"10":2,"11":2},"f":{"0":4,"1":2},"b":{}}
,"/Users/joaopedro/projetos/ext/api-core/src/services/index.ts": {"path":"/Users/joaopedro/projetos/ext/api-core/src/services/index.ts","statementMap":{"0":{"start":{"line":1,"column":0},"end":{"line":1,"column":9}},"1":{"start":{"line":4,"column":2},"end":{"line":1,"column":64}}},"fnMap":{},"branchMap":{},"s":{"0":2,"1":2},"f":{},"b":{}}
}
