TN:
SF:src/adapters/axiosAdapter.ts
FN:4,(anonymous_14)
FN:6,(anonymous_16)
FN:10,(anonymous_19)
FNF:3
FNH:1
FNDA:2,(anonymous_14)
FNDA:0,(anonymous_16)
FNDA:0,(anonymous_19)
DA:2,2
DA:4,2
DA:6,2
DA:7,0
DA:10,2
DA:12,0
DA:14,2
LF:7
LH:5
BRF:0
BRH:0
end_of_record
TN:
SF:src/adapters/index.ts
FNF:0
FNH:0
DA:1,2
DA:4,2
LF:2
LH:2
BRF:0
BRH:0
end_of_record
TN:
SF:src/controllers/CallCrawlerController.ts
FN:12,(anonymous_13)
FN:13,(anonymous_15)
FNF:2
FNH:2
FNDA:3,(anonymous_13)
FNDA:2,(anonymous_15)
DA:2,1
DA:12,1
DA:13,1
DA:14,2
DA:17,2
DA:19,2
DA:21,2
DA:24,0
DA:27,1
LF:9
LH:8
BRF:0
BRH:0
end_of_record
TN:
SF:src/controllers/index.ts
FNF:0
FNH:0
DA:1,1
DA:4,1
LF:2
LH:2
BRF:0
BRH:0
end_of_record
TN:
SF:src/services/getDataFromCrawlerService.ts
FN:11,(anonymous_13)
FN:14,(anonymous_15)
FNF:2
FNH:2
FNDA:4,(anonymous_13)
FNDA:2,(anonymous_15)
DA:1,2
DA:11,2
DA:14,2
DA:16,2
DA:17,2
DA:18,1
DA:20,1
DA:23,2
LF:8
LH:8
BRF:0
BRH:0
end_of_record
TN:
SF:src/services/index.ts
FNF:0
FNH:0
DA:1,2
DA:4,2
LF:2
LH:2
BRF:0
BRH:0
end_of_record
